app/build/intermediates/manifest_merge_blame_file/debug/manifest-merger-blame-debug-report.txt
1<?xml version="1.0" encoding="utf-8"?>
2<manifest xmlns:android="http://schemas.android.com/apk/res/android"
3    package="com.task.CometTask"
4    android:versionCode="1"
5    android:versionName="1.0" >
6
7    <uses-sdk
8        android:minSdkVersion="26"
8-->src/main/AndroidManifest.xml
9        android:targetSdkVersion="32" />
9-->src/main/AndroidManifest.xml
10
11    <uses-permission android:name="android.permission.INTERNET" />
11-->[com.amplifyframework:aws-api:2.0.0] AndroidManifest.xml:24:5-67
11-->[com.amplifyframework:aws-api:2.0.0] AndroidManifest.xml:24:22-64
12
13    <queries>
13-->[com.amplifyframework:aws-auth-cognito:2.0.0] AndroidManifest.xml:24:5-33:15
14        <intent>
14-->[com.amplifyframework:aws-auth-cognito:2.0.0] AndroidManifest.xml:25:9-29:18
15            <action android:name="android.intent.action.VIEW" />
15-->[com.amplifyframework:aws-auth-cognito:2.0.0] AndroidManifest.xml:26:13-65
15-->[com.amplifyframework:aws-auth-cognito:2.0.0] AndroidManifest.xml:26:21-62
16
17            <data android:scheme="https" />
17-->[com.amplifyframework:aws-auth-cognito:2.0.0] AndroidManifest.xml:28:13-44
17-->[com.amplifyframework:aws-auth-cognito:2.0.0] AndroidManifest.xml:28:19-41
18        </intent>
19        <intent>
19-->[com.amplifyframework:aws-auth-cognito:2.0.0] AndroidManifest.xml:30:9-32:18
20            <action android:name="android.support.customtabs.action.CustomTabsService" />
20-->[com.amplifyframework:aws-auth-cognito:2.0.0] AndroidManifest.xml:31:13-90
20-->[com.amplifyframework:aws-auth-cognito:2.0.0] AndroidManifest.xml:31:21-87
21        </intent>
22    </queries> <!-- Permission will be merged into the manifest of the hosting app. -->
23    <!-- Is required to launch foreground extraction service for targetSdkVersion 28+. -->
24    <uses-permission android:name="android.permission.FOREGROUND_SERVICE" />
24-->[com.google.android.play:core:1.9.1] AndroidManifest.xml:8:3-74
24-->[com.google.android.play:core:1.9.1] AndroidManifest.xml:8:20-72
25
26    <application
26-->src/main/AndroidManifest.xml:5:5-57:19
27        android:name="com.task.CometTask.comettaskAmplifyApplication"
27-->src/main/AndroidManifest.xml:6:9-52
28        android:allowBackup="true"
28-->src/main/AndroidManifest.xml:7:9-35
29        android:appComponentFactory="androidx.core.app.CoreComponentFactory"
29-->[androidx.core:core:1.7.0] AndroidManifest.xml:24:18-86
30        android:dataExtractionRules="@xml/data_extraction_rules"
30-->src/main/AndroidManifest.xml:8:9-65
31        android:debuggable="true"
32        android:extractNativeLibs="false"
33        android:fullBackupContent="@xml/backup_rules"
33-->src/main/AndroidManifest.xml:9:9-54
34        android:icon="@mipmap/ic_launcher"
34-->src/main/AndroidManifest.xml:10:9-43
35        android:label="@string/app_name"
35-->src/main/AndroidManifest.xml:11:9-41
36        android:roundIcon="@mipmap/ic_launcher_round"
36-->src/main/AndroidManifest.xml:12:9-54
37        android:supportsRtl="true"
37-->src/main/AndroidManifest.xml:13:9-35
38        android:testOnly="true"
39        android:theme="@style/Theme.MyApplication" >
39-->src/main/AndroidManifest.xml:14:9-51
40        <activity
40-->src/main/AndroidManifest.xml:16:9-22:20
41            android:name="com.task.CometTask.activities.TaskDetail"
41-->src/main/AndroidManifest.xml:17:13-50
42            android:exported="false" >
42-->src/main/AndroidManifest.xml:18:13-37
43            <meta-data
43-->src/main/AndroidManifest.xml:19:13-21:36
44                android:name="android.app.lib_name"
44-->src/main/AndroidManifest.xml:20:17-52
45                android:value="" />
45-->src/main/AndroidManifest.xml:21:17-33
46        </activity>
47        <activity
47-->src/main/AndroidManifest.xml:23:9-29:20
48            android:name="com.task.CometTask.activities.UserSettings"
48-->src/main/AndroidManifest.xml:24:13-52
49            android:exported="false" >
49-->src/main/AndroidManifest.xml:25:13-37
50            <meta-data
50-->src/main/AndroidManifest.xml:19:13-21:36
51                android:name="android.app.lib_name"
51-->src/main/AndroidManifest.xml:20:17-52
52                android:value="" />
52-->src/main/AndroidManifest.xml:21:17-33
53        </activity>
54        <activity
54-->src/main/AndroidManifest.xml:30:9-36:20
55            android:name="com.task.CometTask.activities.ViewAllTasks"
55-->src/main/AndroidManifest.xml:31:13-52
56            android:exported="false" >
56-->src/main/AndroidManifest.xml:32:13-37
57            <meta-data
57-->src/main/AndroidManifest.xml:19:13-21:36
58                android:name="android.app.lib_name"
58-->src/main/AndroidManifest.xml:20:17-52
59                android:value="" />
59-->src/main/AndroidManifest.xml:21:17-33
60        </activity>
61        <activity
61-->src/main/AndroidManifest.xml:37:9-43:20
62            android:name="com.task.CometTask.activities.AddTask"
62-->src/main/AndroidManifest.xml:38:13-47
63            android:exported="false" >
63-->src/main/AndroidManifest.xml:39:13-37
64            <meta-data
64-->src/main/AndroidManifest.xml:19:13-21:36
65                android:name="android.app.lib_name"
65-->src/main/AndroidManifest.xml:20:17-52
66                android:value="" />
66-->src/main/AndroidManifest.xml:21:17-33
67        </activity>
68        <activity
68-->src/main/AndroidManifest.xml:44:9-56:20
69            android:name="com.task.CometTask.activities.MainActivity"
69-->src/main/AndroidManifest.xml:45:13-52
70            android:exported="true" >
70-->src/main/AndroidManifest.xml:46:13-36
71            <intent-filter>
71-->src/main/AndroidManifest.xml:47:13-51:29
72                <action android:name="android.intent.action.MAIN" />
72-->src/main/AndroidManifest.xml:48:17-69
72-->src/main/AndroidManifest.xml:48:25-66
73
74                <category android:name="android.intent.category.LAUNCHER" />
74-->src/main/AndroidManifest.xml:50:17-77
74-->src/main/AndroidManifest.xml:50:27-74
75            </intent-filter>
76
77            <meta-data
77-->src/main/AndroidManifest.xml:19:13-21:36
78                android:name="android.app.lib_name"
78-->src/main/AndroidManifest.xml:20:17-52
79                android:value="" />
79-->src/main/AndroidManifest.xml:21:17-33
80        </activity>
81        <activity
81-->[com.amplifyframework:aws-auth-cognito:2.0.0] AndroidManifest.xml:36:9-40:75
82            android:name="com.amplifyframework.auth.cognito.activities.CustomTabsManagerActivity"
82-->[com.amplifyframework:aws-auth-cognito:2.0.0] AndroidManifest.xml:37:13-98
83            android:exported="false"
83-->[com.amplifyframework:aws-auth-cognito:2.0.0] AndroidManifest.xml:38:13-37
84            android:launchMode="singleTask"
84-->[com.amplifyframework:aws-auth-cognito:2.0.0] AndroidManifest.xml:39:13-44
85            android:theme="@android:style/Theme.Translucent.NoTitleBar" />
85-->[com.amplifyframework:aws-auth-cognito:2.0.0] AndroidManifest.xml:40:13-72
86        <activity
86-->[com.amplifyframework:core:2.0.0] AndroidManifest.xml:27:9-29:54
87            android:name="com.amplifyframework.devmenu.DeveloperMenuActivity"
87-->[com.amplifyframework:core:2.0.0] AndroidManifest.xml:28:13-78
88            android:theme="@style/OverlayActivity" />
88-->[com.amplifyframework:core:2.0.0] AndroidManifest.xml:29:13-51
89
90        <provider
90-->[androidx.emoji2:emoji2:1.0.0] AndroidManifest.xml:26:9-34:20
91            android:name="androidx.startup.InitializationProvider"
91-->[androidx.emoji2:emoji2:1.0.0] AndroidManifest.xml:27:13-67
92            android:authorities="com.task.CometTask.androidx-startup"
92-->[androidx.emoji2:emoji2:1.0.0] AndroidManifest.xml:28:13-68
93            android:exported="false" >
93-->[androidx.emoji2:emoji2:1.0.0] AndroidManifest.xml:29:13-37
94            <meta-data
94-->[androidx.emoji2:emoji2:1.0.0] AndroidManifest.xml:31:13-33:52
95                android:name="androidx.emoji2.text.EmojiCompatInitializer"
95-->[androidx.emoji2:emoji2:1.0.0] AndroidManifest.xml:32:17-75
96                android:value="androidx.startup" />
96-->[androidx.emoji2:emoji2:1.0.0] AndroidManifest.xml:33:17-49
97            <meta-data
97-->[androidx.lifecycle:lifecycle-process:2.4.0] AndroidManifest.xml:31:13-33:52
98                android:name="androidx.lifecycle.ProcessLifecycleInitializer"
98-->[androidx.lifecycle:lifecycle-process:2.4.0] AndroidManifest.xml:32:17-78
99                android:value="androidx.startup" />
99-->[androidx.lifecycle:lifecycle-process:2.4.0] AndroidManifest.xml:33:17-49
100        </provider> <!-- The activities will be merged into the manifest of the hosting app. -->
101        <activity
101-->[com.google.android.play:core:1.9.1] AndroidManifest.xml:12:5-271
102            android:name="com.google.android.play.core.missingsplits.PlayCoreMissingSplitsActivity"
102-->[com.google.android.play:core:1.9.1] AndroidManifest.xml:12:15-102
103            android:enabled="false"
103-->[com.google.android.play:core:1.9.1] AndroidManifest.xml:12:103-126
104            android:exported="false"
104-->[com.google.android.play:core:1.9.1] AndroidManifest.xml:12:127-151
105            android:launchMode="singleInstance"
105-->[com.google.android.play:core:1.9.1] AndroidManifest.xml:12:204-239
106            android:process=":playcore_missing_splits_activity"
106-->[com.google.android.play:core:1.9.1] AndroidManifest.xml:12:152-203
107            android:stateNotNeeded="true" />
107-->[com.google.android.play:core:1.9.1] AndroidManifest.xml:12:240-269
108        <activity
108-->[com.google.android.play:core:1.9.1] AndroidManifest.xml:13:5-226
109            android:name="com.google.android.play.core.common.PlayCoreDialogWrapperActivity"
109-->[com.google.android.play:core:1.9.1] AndroidManifest.xml:13:15-95
110            android:enabled="false"
110-->[com.google.android.play:core:1.9.1] AndroidManifest.xml:13:96-119
111            android:exported="false"
111-->[com.google.android.play:core:1.9.1] AndroidManifest.xml:13:120-144
112            android:stateNotNeeded="true"
112-->[com.google.android.play:core:1.9.1] AndroidManifest.xml:13:145-174
113            android:theme="@style/Theme.PlayCore.Transparent" /> <!-- The services will be merged into the manifest of the hosting app. -->
113-->[com.google.android.play:core:1.9.1] AndroidManifest.xml:13:175-224
114        <service
114-->[com.google.android.play:core:1.9.1] AndroidManifest.xml:16:5-18:15
115            android:name="com.google.android.play.core.assetpacks.AssetPackExtractionService"
115-->[com.google.android.play:core:1.9.1] AndroidManifest.xml:16:14-95
116            android:enabled="false"
116-->[com.google.android.play:core:1.9.1] AndroidManifest.xml:16:96-119
117            android:exported="true" >
117-->[com.google.android.play:core:1.9.1] AndroidManifest.xml:16:120-143
118            <meta-data
118-->[com.google.android.play:core:1.9.1] AndroidManifest.xml:17:7-108
119                android:name="com.google.android.play.core.assetpacks.versionCode"
119-->[com.google.android.play:core:1.9.1] AndroidManifest.xml:17:18-84
120                android:value="10901" />
120-->[com.google.android.play:core:1.9.1] AndroidManifest.xml:17:85-106
121        </service>
122        <service
122-->[com.google.android.play:core:1.9.1] AndroidManifest.xml:19:5-147
123            android:name="com.google.android.play.core.assetpacks.ExtractionForegroundService"
123-->[com.google.android.play:core:1.9.1] AndroidManifest.xml:19:14-96
124            android:enabled="false"
124-->[com.google.android.play:core:1.9.1] AndroidManifest.xml:19:97-120
125            android:exported="false" />
125-->[com.google.android.play:core:1.9.1] AndroidManifest.xml:19:121-145
126    </application>
127
128</manifest>